# JRE version: Java(TM) SE Runtime Environment (8.0_11-b12) (build 1.8.0_11-b12)
# Java VM: Java HotSpot(TM) 64-Bit Server VM (25.11-b03 mixed mode windows-amd64 compressed oops)
Heap:
 PSYoungGen      total 109568K, used 11042K [0x00000000eab00000, 0x00000000f2780000, 0x0000000100000000)
  eden space 96256K, 0% used [0x00000000eab00000,0x00000000eab00000,0x00000000f0900000)
  from space 13312K, 82% used [0x00000000f1780000,0x00000000f2248a10,0x00000000f2480000)
  to   space 14848K, 0% used [0x00000000f0900000,0x00000000f0900000,0x00000000f1780000)
 ParOldGen       total 64000K, used 58085K [0x00000000c0000000, 0x00000000c3e80000, 0x00000000eab00000)
  object space 64000K, 90% used [0x00000000c0000000,0x00000000c38b9710,0x00000000c3e80000)
 Metaspace       used 6209K, capacity 7064K, committed 7424K, reserved 1056768K
  class space    used 619K, capacity 656K, committed 768K, reserved 1048576K
GC Heap History (10 events):
Event: 9.624 GC heap after
Heap after GC invocations=20 (full 0):
 PSYoungGen      total 58880K, used 6256K [0x00000000eab00000, 0x00000000ef000000, 0x0000000100000000)
  eden space 50176K, 0% used [0x00000000eab00000,0x00000000eab00000,0x00000000edc00000)
  from space 8704K, 71% used [0x00000000ee580000,0x00000000eeb9c030,0x00000000eee00000)
  to   space 9728K, 0% used [0x00000000edc00000,0x00000000edc00000,0x00000000ee580000)
 ParOldGen       total 64000K, used 26723K [0x00000000c0000000, 0x00000000c3e80000, 0x00000000eab00000)
  object space 64000K, 41% used [0x00000000c0000000,0x00000000c1a18c40,0x00000000c3e80000)
 Metaspace       used 6072K, capacity 7024K, committed 7296K, reserved 1056768K
  class space    used 599K, capacity 616K, committed 640K, reserved 1048576K
}
Event: 10.044 GC heap before
{Heap before GC invocations=21 (full 0):
 PSYoungGen      total 58880K, used 56432K [0x00000000eab00000, 0x00000000ef000000, 0x0000000100000000)
  eden space 50176K, 100% used [0x00000000eab00000,0x00000000edc00000,0x00000000edc00000)
  from space 8704K, 71% used [0x00000000ee580000,0x00000000eeb9c030,0x00000000eee00000)
  to   space 9728K, 0% used [0x00000000edc00000,0x00000000edc00000,0x00000000ee580000)
 ParOldGen       total 64000K, used 26723K [0x00000000c0000000, 0x00000000c3e80000, 0x00000000eab00000)
  object space 64000K, 41% used [0x00000000c0000000,0x00000000c1a18c40,0x00000000c3e80000)
 Metaspace       used 6087K, capacity 7024K, committed 7296K, reserved 1056768K
  class space    used 599K, capacity 616K, committed 640K, reserved 1048576K
Event: 10.237 GC heap after
Heap after GC invocations=21 (full 0):
 PSYoungGen      total 59904K, used 8148K [0x00000000eab00000, 0x00000000f0500000, 0x0000000100000000)
  eden space 50176K, 0% used [0x00000000eab00000,0x00000000eab00000,0x00000000edc00000)
  from space 9728K, 83% used [0x00000000edc00000,0x00000000ee3f53e0,0x00000000ee580000)
  to   space 10752K, 0% used [0x00000000efa80000,0x00000000efa80000,0x00000000f0500000)
 ParOldGen       total 64000K, used 32574K [0x00000000c0000000, 0x00000000c3e80000, 0x00000000eab00000)
  object space 64000K, 50% used [0x00000000c0000000,0x00000000c1fcfb30,0x00000000c3e80000)
 Metaspace       used 6087K, capacity 7024K, committed 7296K, reserved 1056768K
  class space    used 599K, capacity 616K, committed 640K, reserved 1048576K
}
Event: 11.046 GC heap before
{Heap before GC invocations=22 (full 0):
 PSYoungGen      total 59904K, used 58324K [0x00000000eab00000, 0x00000000f0500000, 0x0000000100000000)
  eden space 50176K, 100% used [0x00000000eab00000,0x00000000edc00000,0x00000000edc00000)
  from space 9728K, 83% used [0x00000000edc00000,0x00000000ee3f53e0,0x00000000ee580000)
  to   space 10752K, 0% used [0x00000000efa80000,0x00000000efa80000,0x00000000f0500000)
 ParOldGen       total 64000K, used 32574K [0x00000000c0000000, 0x00000000c3e80000, 0x00000000eab00000)
  object space 64000K, 50% used [0x00000000c0000000,0x00000000c1fcfb30,0x00000000c3e80000)
 Metaspace       used 6199K, capacity 7064K, committed 7424K, reserved 1056768K
  class space    used 619K, capacity 656K, committed 768K, reserved 1048576K
Event: 11.129 GC heap after
Heap after GC invocations=22 (full 0):
 PSYoungGen      total 80384K, used 8064K [0x00000000eab00000, 0x00000000f0700000, 0x0000000100000000)
  eden space 69632K, 0% used [0x00000000eab00000,0x00000000eab00000,0x00000000eef00000)
  from space 10752K, 75% used [0x00000000efa80000,0x00000000f0260000,0x00000000f0500000)
  to   space 11776K, 0% used [0x00000000eef00000,0x00000000eef00000,0x00000000efa80000)
 ParOldGen       total 64000K, used 40264K [0x00000000c0000000, 0x00000000c3e80000, 0x00000000eab00000)
  object space 64000K, 62% used [0x00000000c0000000,0x00000000c2752288,0x00000000c3e80000)
 Metaspace       used 6199K, capacity 7064K, committed 7424K, reserved 1056768K
  class space    used 619K, capacity 656K, committed 768K, reserved 1048576K
}
Event: 11.611 GC heap before
{Heap before GC invocations=23 (full 0):
 PSYoungGen      total 80384K, used 77696K [0x00000000eab00000, 0x00000000f0700000, 0x0000000100000000)
  eden space 69632K, 100% used [0x00000000eab00000,0x00000000eef00000,0x00000000eef00000)
  from space 10752K, 75% used [0x00000000efa80000,0x00000000f0260000,0x00000000f0500000)
  to   space 11776K, 0% used [0x00000000eef00000,0x00000000eef00000,0x00000000efa80000)
 ParOldGen       total 64000K, used 40264K [0x00000000c0000000, 0x00000000c3e80000, 0x00000000eab00000)
  object space 64000K, 62% used [0x00000000c0000000,0x00000000c2752288,0x00000000c3e80000)
 Metaspace       used 6206K, capacity 7064K, committed 7424K, reserved 1056768K
  class space    used 619K, capacity 656K, committed 768K, reserved 1048576K
Event: 11.709 GC heap after
Heap after GC invocations=23 (full 0):
 PSYoungGen      total 81408K, used 10954K [0x00000000eab00000, 0x00000000f2480000, 0x0000000100000000)
  eden space 69632K, 0% used [0x00000000eab00000,0x00000000eab00000,0x00000000eef00000)
  from space 11776K, 93% used [0x00000000eef00000,0x00000000ef9b29b0,0x00000000efa80000)
  to   space 13312K, 0% used [0x00000000f1780000,0x00000000f1780000,0x00000000f2480000)
 ParOldGen       total 64000K, used 47980K [0x00000000c0000000, 0x00000000c3e80000, 0x00000000eab00000)
  object space 64000K, 74% used [0x00000000c0000000,0x00000000c2edb148,0x00000000c3e80000)
 Metaspace       used 6206K, capacity 7064K, committed 7424K, reserved 1056768K
  class space    used 619K, capacity 656K, committed 768K, reserved 1048576K
}
Event: 12.605 GC heap before
{Heap before GC invocations=24 (full 0):
 PSYoungGen      total 81408K, used 80586K [0x00000000eab00000, 0x00000000f2480000, 0x0000000100000000)
  eden space 69632K, 100% used [0x00000000eab00000,0x00000000eef00000,0x00000000eef00000)
  from space 11776K, 93% used [0x00000000eef00000,0x00000000ef9b29b0,0x00000000efa80000)
  to   space 13312K, 0% used [0x00000000f1780000,0x00000000f1780000,0x00000000f2480000)
 ParOldGen       total 64000K, used 47980K [0x00000000c0000000, 0x00000000c3e80000, 0x00000000eab00000)
  object space 64000K, 74% used [0x00000000c0000000,0x00000000c2edb148,0x00000000c3e80000)
 Metaspace       used 6209K, capacity 7064K, committed 7424K, reserved 1056768K
  class space    used 619K, capacity 656K, committed 768K, reserved 1048576K
Event: 12.654 GC heap after
Heap after GC invocations=24 (full 0):
 PSYoungGen      total 109568K, used 11042K [0x00000000eab00000, 0x00000000f2780000, 0x0000000100000000)
  eden space 96256K, 0% used [0x00000000eab00000,0x00000000eab00000,0x00000000f0900000)
  from space 13312K, 82% used [0x00000000f1780000,0x00000000f2248a10,0x00000000f2480000)
  to   space 14848K, 0% used [0x00000000f0900000,0x00000000f0900000,0x00000000f1780000)
 ParOldGen       total 64000K, used 58085K [0x00000000c0000000, 0x00000000c3e80000, 0x00000000eab00000)
  object space 64000K, 90% used [0x00000000c0000000,0x00000000c38b9710,0x00000000c3e80000)
 Metaspace       used 6209K, capacity 7064K, committed 7424K, reserved 1056768K
  class space    used 619K, capacity 656K, committed 768K, reserved 1048576K
}
Event: 12.654 GC heap before
{Heap before GC invocations=25 (full 1):
 PSYoungGen      total 109568K, used 11042K [0x00000000eab00000, 0x00000000f2780000, 0x0000000100000000)
  eden space 96256K, 0% used [0x00000000eab00000,0x00000000eab00000,0x00000000f0900000)
  from space 13312K, 82% used [0x00000000f1780000,0x00000000f2248a10,0x00000000f2480000)
  to   space 14848K, 0% used [0x00000000f0900000,0x00000000f0900000,0x00000000f1780000)
 ParOldGen       total 64000K, used 58085K [0x00000000c0000000, 0x00000000c3e80000, 0x00000000eab00000)
  object space 64000K, 90% used [0x00000000c0000000,0x00000000c38b9710,0x00000000c3e80000)
 Metaspace       used 6209K, capacity 7064K, committed 7424K, reserved 1056768K
  class space    used 619K, capacity 656K, committed 768K, reserved 1048576K

