# JRE version: Java(TM) SE Runtime Environment (8.0_11-b12) (build 1.8.0_11-b12)
# Java VM: Java HotSpot(TM) 64-Bit Server VM (25.11-b03 mixed mode windows-amd64 compressed oops)
Heap:
 PSYoungGen      total 75776K, used 15319K [0x00000000eab00000, 0x00000000f1c00000, 0x0000000100000000)
  eden space 65536K, 7% used [0x00000000eab00000,0x00000000eb01a2a0,0x00000000eeb00000)
  from space 10240K, 98% used [0x00000000eeb00000,0x00000000ef4db978,0x00000000ef500000)
  to   space 11776K, 0% used [0x00000000f1080000,0x00000000f1080000,0x00000000f1c00000)
 ParOldGen       total 64000K, used 36332K [0x00000000c0000000, 0x00000000c3e80000, 0x00000000eab00000)
  object space 64000K, 56% used [0x00000000c0000000,0x00000000c237b280,0x00000000c3e80000)
 Metaspace       used 6261K, capacity 7064K, committed 7424K, reserved 1056768K
  class space    used 623K, capacity 656K, committed 768K, reserved 1048576K
GC Heap History (10 events):
Event: 4.109 GC heap before
{Heap before GC invocations=15 (full 0):
 PSYoungGen      total 33792K, used 32608K [0x00000000eab00000, 0x00000000ed000000, 0x0000000100000000)
  eden space 29696K, 100% used [0x00000000eab00000,0x00000000ec800000,0x00000000ec800000)
  from space 4096K, 71% used [0x00000000ecc00000,0x00000000eced8000,0x00000000ed000000)
  to   space 4096K, 0% used [0x00000000ec800000,0x00000000ec800000,0x00000000ecc00000)
 ParOldGen       total 64000K, used 11641K [0x00000000c0000000, 0x00000000c3e80000, 0x00000000eab00000)
  object space 64000K, 18% used [0x00000000c0000000,0x00000000c0b5e718,0x00000000c3e80000)
 Metaspace       used 6037K, capacity 6960K, committed 7040K, reserved 1056768K
  class space    used 597K, capacity 616K, committed 640K, reserved 1048576K
Event: 4.141 GC heap after
Heap after GC invocations=15 (full 0):
 PSYoungGen      total 33792K, used 4076K [0x00000000eab00000, 0x00000000ee580000, 0x0000000100000000)
  eden space 29696K, 0% used [0x00000000eab00000,0x00000000eab00000,0x00000000ec800000)
  from space 4096K, 99% used [0x00000000ec800000,0x00000000ecbfb0e0,0x00000000ecc00000)
  to   space 6144K, 0% used [0x00000000edf80000,0x00000000edf80000,0x00000000ee580000)
 ParOldGen       total 64000K, used 15474K [0x00000000c0000000, 0x00000000c3e80000, 0x00000000eab00000)
  object space 64000K, 24% used [0x00000000c0000000,0x00000000c0f1cb38,0x00000000c3e80000)
 Metaspace       used 6037K, capacity 6960K, committed 7040K, reserved 1056768K
  class space    used 597K, capacity 616K, committed 640K, reserved 1048576K
}
Event: 4.366 GC heap before
{Heap before GC invocations=16 (full 0):
 PSYoungGen      total 33792K, used 33772K [0x00000000eab00000, 0x00000000ee580000, 0x0000000100000000)
  eden space 29696K, 100% used [0x00000000eab00000,0x00000000ec800000,0x00000000ec800000)
  from space 4096K, 99% used [0x00000000ec800000,0x00000000ecbfb0e0,0x00000000ecc00000)
  to   space 6144K, 0% used [0x00000000edf80000,0x00000000edf80000,0x00000000ee580000)
 ParOldGen       total 64000K, used 15474K [0x00000000c0000000, 0x00000000c3e80000, 0x00000000eab00000)
  object space 64000K, 24% used [0x00000000c0000000,0x00000000c0f1cb38,0x00000000c3e80000)
 Metaspace       used 6044K, capacity 6960K, committed 7040K, reserved 1056768K
  class space    used 597K, capacity 616K, committed 640K, reserved 1048576K
Event: 4.600 GC heap after
Heap after GC invocations=16 (full 0):
 PSYoungGen      total 53248K, used 4923K [0x00000000eab00000, 0x00000000ee680000, 0x0000000100000000)
  eden space 47104K, 0% used [0x00000000eab00000,0x00000000eab00000,0x00000000ed900000)
  from space 6144K, 80% used [0x00000000edf80000,0x00000000ee44ed58,0x00000000ee580000)
  to   space 6656K, 0% used [0x00000000ed900000,0x00000000ed900000,0x00000000edf80000)
 ParOldGen       total 64000K, used 19347K [0x00000000c0000000, 0x00000000c3e80000, 0x00000000eab00000)
  object space 64000K, 30% used [0x00000000c0000000,0x00000000c12e4d60,0x00000000c3e80000)
 Metaspace       used 6044K, capacity 6960K, committed 7040K, reserved 1056768K
  class space    used 597K, capacity 616K, committed 640K, reserved 1048576K
}
Event: 6.650 GC heap before
{Heap before GC invocations=17 (full 0):
 PSYoungGen      total 53248K, used 52027K [0x00000000eab00000, 0x00000000ee680000, 0x0000000100000000)
  eden space 47104K, 100% used [0x00000000eab00000,0x00000000ed900000,0x00000000ed900000)
  from space 6144K, 80% used [0x00000000edf80000,0x00000000ee44ed58,0x00000000ee580000)
  to   space 6656K, 0% used [0x00000000ed900000,0x00000000ed900000,0x00000000edf80000)
 ParOldGen       total 64000K, used 19347K [0x00000000c0000000, 0x00000000c3e80000, 0x00000000eab00000)
  object space 64000K, 30% used [0x00000000c0000000,0x00000000c12e4d60,0x00000000c3e80000)
 Metaspace       used 6140K, capacity 7064K, committed 7424K, reserved 1056768K
  class space    used 617K, capacity 656K, committed 768K, reserved 1048576K
Event: 6.757 GC heap after
Heap after GC invocations=17 (full 0):
 PSYoungGen      total 53760K, used 6644K [0x00000000eab00000, 0x00000000efe80000, 0x0000000100000000)
  eden space 47104K, 0% used [0x00000000eab00000,0x00000000eab00000,0x00000000ed900000)
  from space 6656K, 99% used [0x00000000ed900000,0x00000000edf7d2b8,0x00000000edf80000)
  to   space 9728K, 0% used [0x00000000ef500000,0x00000000ef500000,0x00000000efe80000)
 ParOldGen       total 64000K, used 23671K [0x00000000c0000000, 0x00000000c3e80000, 0x00000000eab00000)
  object space 64000K, 36% used [0x00000000c0000000,0x00000000c171de88,0x00000000c3e80000)
 Metaspace       used 6140K, capacity 7064K, committed 7424K, reserved 1056768K
  class space    used 617K, capacity 656K, committed 768K, reserved 1048576K
}
Event: 8.184 GC heap before
{Heap before GC invocations=18 (full 0):
 PSYoungGen      total 53760K, used 53748K [0x00000000eab00000, 0x00000000efe80000, 0x0000000100000000)
  eden space 47104K, 100% used [0x00000000eab00000,0x00000000ed900000,0x00000000ed900000)
  from space 6656K, 99% used [0x00000000ed900000,0x00000000edf7d2b8,0x00000000edf80000)
  to   space 9728K, 0% used [0x00000000ef500000,0x00000000ef500000,0x00000000efe80000)
 ParOldGen       total 64000K, used 23671K [0x00000000c0000000, 0x00000000c3e80000, 0x00000000eab00000)
  object space 64000K, 36% used [0x00000000c0000000,0x00000000c171de88,0x00000000c3e80000)
 Metaspace       used 6166K, capacity 7064K, committed 7424K, reserved 1056768K
  class space    used 617K, capacity 656K, committed 768K, reserved 1048576K
Event: 8.500 GC heap after
Heap after GC invocations=18 (full 0):
 PSYoungGen      total 75264K, used 6777K [0x00000000eab00000, 0x00000000eff80000, 0x0000000100000000)
  eden space 65536K, 0% used [0x00000000eab00000,0x00000000eab00000,0x00000000eeb00000)
  from space 9728K, 69% used [0x00000000ef500000,0x00000000efb9e538,0x00000000efe80000)
  to   space 10240K, 0% used [0x00000000eeb00000,0x00000000eeb00000,0x00000000ef500000)
 ParOldGen       total 64000K, used 29940K [0x00000000c0000000, 0x00000000c3e80000, 0x00000000eab00000)
  object space 64000K, 46% used [0x00000000c0000000,0x00000000c1d3d088,0x00000000c3e80000)
 Metaspace       used 6166K, capacity 7064K, committed 7424K, reserved 1056768K
  class space    used 617K, capacity 656K, committed 768K, reserved 1048576K
}
Event: 10.181 GC heap before
{Heap before GC invocations=19 (full 0):
 PSYoungGen      total 75264K, used 72313K [0x00000000eab00000, 0x00000000eff80000, 0x0000000100000000)
  eden space 65536K, 100% used [0x00000000eab00000,0x00000000eeb00000,0x00000000eeb00000)
  from space 9728K, 69% used [0x00000000ef500000,0x00000000efb9e538,0x00000000efe80000)
  to   space 10240K, 0% used [0x00000000eeb00000,0x00000000eeb00000,0x00000000ef500000)
 ParOldGen       total 64000K, used 29940K [0x00000000c0000000, 0x00000000c3e80000, 0x00000000eab00000)
  object space 64000K, 46% used [0x00000000c0000000,0x00000000c1d3d088,0x00000000c3e80000)
 Metaspace       used 6204K, capacity 7064K, committed 7424K, reserved 1056768K
  class space    used 618K, capacity 656K, committed 768K, reserved 1048576K
Event: 10.869 GC heap after
Heap after GC invocations=19 (full 0):
 PSYoungGen      total 75776K, used 10094K [0x00000000eab00000, 0x00000000f1c00000, 0x0000000100000000)
  eden space 65536K, 0% used [0x00000000eab00000,0x00000000eab00000,0x00000000eeb00000)
  from space 10240K, 98% used [0x00000000eeb00000,0x00000000ef4db978,0x00000000ef500000)
  to   space 11776K, 0% used [0x00000000f1080000,0x00000000f1080000,0x00000000f1c00000)
 ParOldGen       total 64000K, used 36332K [0x00000000c0000000, 0x00000000c3e80000, 0x00000000eab00000)
  object space 64000K, 56% used [0x00000000c0000000,0x00000000c237b280,0x00000000c3e80000)
 Metaspace       used 6204K, capacity 7064K, committed 7424K, reserved 1056768K
  class space    used 618K, capacity 656K, committed 768K, reserved 1048576K
}

