# JRE version: Java(TM) SE Runtime Environment (8.0_11-b12) (build 1.8.0_11-b12)
# Java VM: Java HotSpot(TM) 64-Bit Server VM (25.11-b03 mixed mode windows-amd64 compressed oops)
Heap:
 PSYoungGen      total 3584K, used 2525K [0x00000000eab00000, 0x00000000eb100000, 0x0000000100000000)
  eden space 2048K, 83% used [0x00000000eab00000,0x00000000eacaab68,0x00000000ead00000)
  from space 1536K, 53% used [0x00000000ead00000,0x00000000eadcd0e8,0x00000000eae80000)
  to   space 1536K, 0% used [0x00000000eaf80000,0x00000000eaf80000,0x00000000eb100000)
 ParOldGen       total 6656K, used 2706K [0x00000000c0000000, 0x00000000c0680000, 0x00000000eab00000)
  object space 6656K, 40% used [0x00000000c0000000,0x00000000c02a4928,0x00000000c0680000)
 Metaspace       used 5503K, capacity 6576K, committed 6784K, reserved 1058816K
  class space    used 584K, capacity 616K, committed 640K, reserved 1048576K
GC Heap History (10 events):
Event: 0.949 GC heap before
{Heap before GC invocations=8 (full 0):
 PSYoungGen      total 2048K, used 1711K [0x00000000eab00000, 0x00000000eae00000, 0x0000000100000000)
  eden space 1024K, 99% used [0x00000000eab00000,0x00000000eabff0d0,0x00000000eac00000)
  from space 1024K, 67% used [0x00000000eac00000,0x00000000eacace40,0x00000000ead00000)
  to   space 1024K, 0% used [0x00000000ead00000,0x00000000ead00000,0x00000000eae00000)
 ParOldGen       total 64000K, used 1148K [0x00000000c0000000, 0x00000000c3e80000, 0x00000000eab00000)
  object space 64000K, 1% used [0x00000000c0000000,0x00000000c011f3e0,0x00000000c3e80000)
 Metaspace       used 4186K, capacity 5456K, committed 5760K, reserved 1056768K
  class space    used 471K, capacity 520K, committed 640K, reserved 1048576K
Event: 0.950 GC heap after
Heap after GC invocations=8 (full 0):
 PSYoungGen      total 2048K, used 927K [0x00000000eab00000, 0x00000000eae00000, 0x0000000100000000)
  eden space 1024K, 0% used [0x00000000eab00000,0x00000000eab00000,0x00000000eac00000)
  from space 1024K, 90% used [0x00000000ead00000,0x00000000eade7fa0,0x00000000eae00000)
  to   space 1024K, 0% used [0x00000000eac00000,0x00000000eac00000,0x00000000ead00000)
 ParOldGen       total 64000K, used 1245K [0x00000000c0000000, 0x00000000c3e80000, 0x00000000eab00000)
  object space 64000K, 1% used [0x00000000c0000000,0x00000000c0137400,0x00000000c3e80000)
 Metaspace       used 4186K, capacity 5456K, committed 5760K, reserved 1056768K
  class space    used 471K, capacity 520K, committed 640K, reserved 1048576K
}
Event: 1.087 GC heap before
{Heap before GC invocations=9 (full 0):
 PSYoungGen      total 2048K, used 1937K [0x00000000eab00000, 0x00000000eae00000, 0x0000000100000000)
  eden space 1024K, 98% used [0x00000000eab00000,0x00000000eabfc7d8,0x00000000eac00000)
  from space 1024K, 90% used [0x00000000ead00000,0x00000000eade7fa0,0x00000000eae00000)
  to   space 1024K, 0% used [0x00000000eac00000,0x00000000eac00000,0x00000000ead00000)
 ParOldGen       total 64000K, used 1245K [0x00000000c0000000, 0x00000000c3e80000, 0x00000000eab00000)
  object space 64000K, 1% used [0x00000000c0000000,0x00000000c0137400,0x00000000c3e80000)
 Metaspace       used 4539K, capacity 5712K, committed 6016K, reserved 1056768K
  class space    used 497K, capacity 520K, committed 640K, reserved 1048576K
Event: 1.091 GC heap after
Heap after GC invocations=9 (full 0):
 PSYoungGen      total 2048K, used 1009K [0x00000000eab00000, 0x00000000eae00000, 0x0000000100000000)
  eden space 1024K, 0% used [0x00000000eab00000,0x00000000eab00000,0x00000000eac00000)
  from space 1024K, 98% used [0x00000000eac00000,0x00000000eacfc458,0x00000000ead00000)
  to   space 1024K, 0% used [0x00000000ead00000,0x00000000ead00000,0x00000000eae00000)
 ParOldGen       total 64000K, used 1395K [0x00000000c0000000, 0x00000000c3e80000, 0x00000000eab00000)
  object space 64000K, 2% used [0x00000000c0000000,0x00000000c015ccb0,0x00000000c3e80000)
 Metaspace       used 4539K, capacity 5712K, committed 6016K, reserved 1056768K
  class space    used 497K, capacity 520K, committed 640K, reserved 1048576K
}
Event: 1.148 GC heap before
{Heap before GC invocations=10 (full 0):
 PSYoungGen      total 2048K, used 2033K [0x00000000eab00000, 0x00000000eae00000, 0x0000000100000000)
  eden space 1024K, 100% used [0x00000000eab00000,0x00000000eac00000,0x00000000eac00000)
  from space 1024K, 98% used [0x00000000eac00000,0x00000000eacfc458,0x00000000ead00000)
  to   space 1024K, 0% used [0x00000000ead00000,0x00000000ead00000,0x00000000eae00000)
 ParOldGen       total 64000K, used 1395K [0x00000000c0000000, 0x00000000c3e80000, 0x00000000eab00000)
  object space 64000K, 2% used [0x00000000c0000000,0x00000000c015ccb0,0x00000000c3e80000)
 Metaspace       used 4868K, capacity 6000K, committed 6272K, reserved 1056768K
  class space    used 539K, capacity 552K, committed 640K, reserved 1048576K
Event: 1.149 GC heap after
Heap after GC invocations=10 (full 0):
 PSYoungGen      total 2048K, used 403K [0x00000000eab00000, 0x00000000eae00000, 0x0000000100000000)
  eden space 1024K, 0% used [0x00000000eab00000,0x00000000eab00000,0x00000000eac00000)
  from space 1024K, 39% used [0x00000000ead00000,0x00000000ead64ce8,0x00000000eae00000)
  to   space 1024K, 0% used [0x00000000eac00000,0x00000000eac00000,0x00000000ead00000)
 ParOldGen       total 64000K, used 2052K [0x00000000c0000000, 0x00000000c3e80000, 0x00000000eab00000)
  object space 64000K, 3% used [0x00000000c0000000,0x00000000c02012d0,0x00000000c3e80000)
 Metaspace       used 4868K, capacity 6000K, committed 6272K, reserved 1056768K
  class space    used 539K, capacity 552K, committed 640K, reserved 1048576K
}
Event: 1.174 GC heap before
{Heap before GC invocations=11 (full 0):
 PSYoungGen      total 2048K, used 1368K [0x00000000eab00000, 0x00000000eae00000, 0x0000000100000000)
  eden space 1024K, 94% used [0x00000000eab00000,0x00000000eabf1598,0x00000000eac00000)
  from space 1024K, 39% used [0x00000000ead00000,0x00000000ead64ce8,0x00000000eae00000)
  to   space 1024K, 0% used [0x00000000eac00000,0x00000000eac00000,0x00000000ead00000)
 ParOldGen       total 64000K, used 2052K [0x00000000c0000000, 0x00000000c3e80000, 0x00000000eab00000)
  object space 64000K, 3% used [0x00000000c0000000,0x00000000c02012d0,0x00000000c3e80000)
 Metaspace       used 5137K, capacity 6224K, committed 6528K, reserved 1056768K
  class space    used 569K, capacity 584K, committed 640K, reserved 1048576K
Event: 1.176 GC heap after
Heap after GC invocations=11 (full 0):
 PSYoungGen      total 2048K, used 368K [0x00000000eab00000, 0x00000000eae00000, 0x0000000100000000)
  eden space 1024K, 0% used [0x00000000eab00000,0x00000000eab00000,0x00000000eac00000)
  from space 1024K, 36% used [0x00000000eac00000,0x00000000eac5c338,0x00000000ead00000)
  to   space 1024K, 0% used [0x00000000ead00000,0x00000000ead00000,0x00000000eae00000)
 ParOldGen       total 64000K, used 2152K [0x00000000c0000000, 0x00000000c3e80000, 0x00000000eab00000)
  object space 64000K, 3% used [0x00000000c0000000,0x00000000c021a2e0,0x00000000c3e80000)
 Metaspace       used 5137K, capacity 6224K, committed 6528K, reserved 1056768K
  class space    used 569K, capacity 584K, committed 640K, reserved 1048576K
}
Event: 1.200 GC heap before
{Heap before GC invocations=12 (full 0):
 PSYoungGen      total 2048K, used 1392K [0x00000000eab00000, 0x00000000eae00000, 0x0000000100000000)
  eden space 1024K, 100% used [0x00000000eab00000,0x00000000eac00000,0x00000000eac00000)
  from space 1024K, 36% used [0x00000000eac00000,0x00000000eac5c338,0x00000000ead00000)
  to   space 1024K, 0% used [0x00000000ead00000,0x00000000ead00000,0x00000000eae00000)
 ParOldGen       total 64000K, used 2152K [0x00000000c0000000, 0x00000000c3e80000, 0x00000000eab00000)
  object space 64000K, 3% used [0x00000000c0000000,0x00000000c021a2e0,0x00000000c3e80000)
 Metaspace       used 5316K, capacity 6448K, committed 6528K, reserved 1056768K
  class space    used 580K, capacity 616K, committed 640K, reserved 1048576K
Event: 1.202 GC heap after
Heap after GC invocations=12 (full 0):
 PSYoungGen      total 2048K, used 640K [0x00000000eab00000, 0x00000000eae00000, 0x0000000100000000)
  eden space 1024K, 0% used [0x00000000eab00000,0x00000000eab00000,0x00000000eac00000)
  from space 1024K, 62% used [0x00000000ead00000,0x00000000eada0018,0x00000000eae00000)
  to   space 1024K, 0% used [0x00000000eac00000,0x00000000eac00000,0x00000000ead00000)
 ParOldGen       total 64000K, used 2208K [0x00000000c0000000, 0x00000000c3e80000, 0x00000000eab00000)
  object space 64000K, 3% used [0x00000000c0000000,0x00000000c02282e0,0x00000000c3e80000)
 Metaspace       used 5316K, capacity 6448K, committed 6528K, reserved 1056768K
  class space    used 580K, capacity 616K, committed 640K, reserved 1048576K
}

